2025-07-24 14:19:35 DEBUG TestNG:82 - suiteXmlPath: "C:\Users\tanay\eclipse-workspace\OpenCartV1\grid-docker.xml"
2025-07-24 14:19:35 WARN  TestNGContentHandler:133 - It is strongly recommended to add "<!DOCTYPE suite SYSTEM "https://testng.org/testng-1.0.dtd" >" at the top of the suite file [C:\Users\tanay\eclipse-workspace\OpenCartV1\grid-docker.xml] otherwise TestNG may fail or not work as expected.
2025-07-24 14:21:45 DEBUG TestNG:82 - suiteXmlPath: "C:\Users\tanay\eclipse-workspace\OpenCartV1\grid-docker.xml"
2025-07-24 14:21:45 WARN  TestNGContentHandler:133 - It is strongly recommended to add "<!DOCTYPE suite SYSTEM "https://testng.org/testng-1.0.dtd" >" at the top of the suite file [C:\Users\tanay\eclipse-workspace\OpenCartV1\grid-docker.xml] otherwise TestNG may fail or not work as expected.
2025-07-24 14:21:45 INFO  Utils:112 - [TestNG] Running:
  C:\Users\tanay\eclipse-workspace\OpenCartV1\grid-docker.xml

2025-07-24 14:21:51 INFO  TC_001_AccountRegistrationTest:15 - ********Starting account rrgistration test ***************
2025-07-24 14:21:51 INFO  TC_001_AccountRegistrationTest:19 - **********clicking on my account link ********************
2025-07-24 14:21:51 INFO  TC_001_AccountRegistrationTest:21 - ***********clicked on resisterd link*************
2025-07-24 14:21:51 INFO  TC_001_AccountRegistrationTest:25 - **************providing customer details***************
2025-07-24 14:21:53 INFO  TC_001_AccountRegistrationTest:40 - ******Validating confirmation message********
2025-07-24 14:21:53 INFO  TC_001_AccountRegistrationTest:52 - ******* finshed test case*********
2025-07-24 14:21:56 INFO  TC_002_LoginTest:16 - ********Starting TC_002_LoginTest*******
2025-07-24 14:21:56 INFO  TC_002_LoginTest:17 - *******capturing application level logs ***********
2025-07-24 14:21:56 INFO  TC_002_LoginTest:23 - ********* clicking on login Link**********
2025-07-24 14:21:56 INFO  TC_002_LoginTest:26 - ********* clicking on login Link**********
2025-07-24 14:21:56 INFO  TC_002_LoginTest:32 - ********Providing email adress *********
2025-07-24 14:21:56 INFO  TC_002_LoginTest:35 - ********providing password**********
2025-07-24 14:22:00 INFO  TC_002_LoginTest:40 - ********* clicked on login link ***********
2025-07-24 14:22:00 INFO  TC_002_LoginTest:53 - ************ Finshed  TC_002_LoginTest ******
2025-07-24 14:22:35 INFO  TC_001_AccountRegistrationTest:15 - ********Starting account rrgistration test ***************
2025-07-24 14:22:35 INFO  TC_001_AccountRegistrationTest:19 - **********clicking on my account link ********************
2025-07-24 14:22:36 INFO  TC_001_AccountRegistrationTest:21 - ***********clicked on resisterd link*************
2025-07-24 14:22:36 INFO  TC_001_AccountRegistrationTest:25 - **************providing customer details***************
2025-07-24 14:22:37 INFO  TC_001_AccountRegistrationTest:40 - ******Validating confirmation message********
2025-07-24 14:22:37 INFO  TC_001_AccountRegistrationTest:52 - ******* finshed test case*********
2025-07-24 14:22:43 INFO  TC_002_LoginTest:16 - ********Starting TC_002_LoginTest*******
2025-07-24 14:22:43 INFO  TC_002_LoginTest:17 - *******capturing application level logs ***********
2025-07-24 14:22:44 INFO  TC_002_LoginTest:23 - ********* clicking on login Link**********
2025-07-24 14:22:44 INFO  TC_002_LoginTest:26 - ********* clicking on login Link**********
2025-07-24 14:22:44 INFO  TC_002_LoginTest:32 - ********Providing email adress *********
2025-07-24 14:22:44 INFO  TC_002_LoginTest:35 - ********providing password**********
2025-07-24 14:22:47 INFO  TC_002_LoginTest:40 - ********* clicked on login link ***********
2025-07-24 14:22:48 INFO  TC_002_LoginTest:53 - ************ Finshed  TC_002_LoginTest ******
2025-07-24 14:26:08 DEBUG TestNG:82 - suiteXmlPath: "C:\Users\tanay\eclipse-workspace\OpenCartV1\master.xml"
2025-07-24 14:26:12 INFO  TC_001_AccountRegistrationTest:15 - ********Starting account rrgistration test ***************
2025-07-24 14:26:12 INFO  TC_001_AccountRegistrationTest:19 - **********clicking on my account link ********************
2025-07-24 14:26:12 INFO  TC_001_AccountRegistrationTest:21 - ***********clicked on resisterd link*************
2025-07-24 14:26:12 INFO  TC_001_AccountRegistrationTest:25 - **************providing customer details***************
2025-07-24 14:26:14 INFO  TC_001_AccountRegistrationTest:40 - ******Validating confirmation message********
2025-07-24 14:26:14 INFO  TC_001_AccountRegistrationTest:52 - ******* finshed test case*********
2025-07-24 14:26:17 INFO  TC_002_LoginTest:16 - ********Starting TC_002_LoginTest*******
2025-07-24 14:26:17 INFO  TC_002_LoginTest:17 - *******capturing application level logs ***********
2025-07-24 14:26:17 INFO  TC_002_LoginTest:23 - ********* clicking on login Link**********
2025-07-24 14:26:17 INFO  TC_002_LoginTest:26 - ********* clicking on login Link**********
2025-07-24 14:26:17 INFO  TC_002_LoginTest:32 - ********Providing email adress *********
2025-07-24 14:26:17 INFO  TC_002_LoginTest:35 - ********providing password**********
2025-07-24 14:26:21 INFO  TC_002_LoginTest:40 - ********* clicked on login link ***********
2025-07-24 14:26:21 INFO  TC_002_LoginTest:53 - ************ Finshed  TC_002_LoginTest ******
2025-07-24 14:41:57 DEBUG TestNG:82 - suiteXmlPath: "C:\Users\tanay\eclipse-workspace\OpenCartV1\master.xml"
2025-07-24 14:41:57 INFO  Utils:112 - [TestNG] Running:
  C:\Users\tanay\eclipse-workspace\OpenCartV1\master.xml

2025-07-24 14:42:01 INFO  TC_001_AccountRegistrationTest:15 - ********Starting account rrgistration test ***************
2025-07-24 14:42:01 INFO  TC_001_AccountRegistrationTest:19 - **********clicking on my account link ********************
2025-07-24 14:42:01 INFO  TC_001_AccountRegistrationTest:21 - ***********clicked on resisterd link*************
2025-07-24 14:42:02 INFO  TC_001_AccountRegistrationTest:25 - **************providing customer details***************
2025-07-24 14:42:03 INFO  TC_001_AccountRegistrationTest:40 - ******Validating confirmation message********
2025-07-24 14:42:03 INFO  TC_001_AccountRegistrationTest:52 - ******* finshed test case*********
2025-07-24 14:42:06 INFO  TC_002_LoginTest:16 - ********Starting TC_002_LoginTest*******
2025-07-24 14:42:06 INFO  TC_002_LoginTest:17 - *******capturing application level logs ***********
2025-07-24 14:42:07 INFO  TC_002_LoginTest:23 - ********* clicking on login Link**********
2025-07-24 14:42:07 INFO  TC_002_LoginTest:26 - ********* clicking on login Link**********
2025-07-24 14:42:07 INFO  TC_002_LoginTest:32 - ********Providing email adress *********
2025-07-24 14:42:07 INFO  TC_002_LoginTest:35 - ********providing password**********
2025-07-24 14:42:11 INFO  TC_002_LoginTest:40 - ********* clicked on login link ***********
2025-07-24 14:42:11 INFO  TC_002_LoginTest:53 - ************ Finshed  TC_002_LoginTest ******
